<?xml version="1.0" encoding="UTF-8"?>

<!--********************************************************************
Copyright 2016 Katherine Yoshiwara


*********************************************************************-->
<!-- This just inserts a draft xml section file     -->
<mathbook xmlns:xi="http://www.w3.org/2001/XInclude" xml:lang="en-US">

<xi:include href="./bookinfo.xml" />   <!-- ISBN, website, other metadata -->

<book xml:id="Test">
    <title>Test chapter</title>
    <subtitle>test subtitle</subtitle>

<!--  <xi:include href="./frontmatter.xml" /> -->      <!--  Title Page, Preface, etc.  -->

    <chapter xml:id="testchap"  xmlns:xi="http://www.w3.org/2001/XInclude">
        <title>Fake chapter</title>
        <introduction>This is a fake intro.</introduction>

<!--  <xi:include href="./section-7-4.xml" /> -->   <!-- referant  -->
        <xi:include href="./section-8-5.xml" />      <!-- current coding  -->

    </chapter>

        <xi:include href="./backmatter.xml" />        <!--   GFDL, Hints, Notation  -->
   <!-- Index follows appendices, preceded only colophon -->
<!--    <index-part>

        <index-list />
    </index-part>

    <colophon>
        <p>This book was authored in MathBook XML.</p>
    </colophon>
-->


</book>
</mathbook>