<?xml version="1.0" encoding="UTF-8"?>

<!--********************************************************************
Copyright 2016 Katherine Yoshiwara


*********************************************************************-->
<!-- This just inserts a draft xml section file     -->
<mathbook xmlns:xi="http://www.w3.org/2001/XInclude" xml:lang="en-US">

<xi:include href="./bookinfo.xml" />   <!-- ISBN, website, other metadata -->

<book xml:id="Test">
    <title>Test chapter</title>
    <subtitle>test subtitle</subtitle>

<!--  <xi:include href="./frontmatter.xml" /> -->      <!--  Title Page, Preface, etc.  -->

    <chapter xml:id="testchap"  xmlns:xi="http://www.w3.org/2001/XInclude">
        <title>Fake chapter</title>
        <introduction>This is a fake intro.</introduction>

<!--    <xi:include href="./section-1-4.xml" /> -->    <!-- referant  -->
<!--    <xi:include href="./section-1-3.xml" /> -->    <!-- referant  -->
<!--    <xi:include href="./section-2-4.xml" /> -->    <!-- referant  -->
<!--        <xi:include href="./section-4-1.xml" /> -->     <!-- referant  -->
<!--       <xi:include href="./section-4-4.xml" />  -->     <!-- referent  -->
        <xi:include href="./section-5-1.xml" />     <!-- referant  -->
        <xi:include href="./section-5-2.xml" />      <!-- current coding  -->

    </chapter>

    <!-- Index follows appendices, preceded only colophon -->
    <index-part>

        <index-list />
    </index-part>

    <colophon>
        <p>This book was authored in MathBook XML.</p>
    </colophon>



</book>
</mathbook>